1690625736,,,D:\Downloaded Videos\[Nekomoe kissaten&VCB-Studio] Sono Bisque Doll wa Koi wo Suru [Ma10p_1080p]\[Nekomoe kissaten&VCB-Studio] Sono Bisque Doll wa Koi wo Suru [01][Ma10p_1080p][x265_flac].mkv,204
1690625753,,,D:\Downloaded Videos\[Nekomoe kissaten&VCB-Studio] Sono Bisque Doll wa Koi wo Suru [Ma10p_1080p]\[Nekomoe kissaten&VCB-Studio] Sono Bisque Doll wa Koi wo Suru [02][Ma10p_1080p][x265_flac].mkv,204
1690625925,,,D:\Downloaded Videos\[Nekomoe kissaten&VCB-Studio] Sono Bisque Doll wa Koi wo Suru [Ma10p_1080p]\[Nekomoe kissaten&VCB-Studio] Sono Bisque Doll wa Koi wo Suru [01][Ma10p_1080p][x265_flac].mkv,204
1690626025,,,D:\Downloaded Videos\[Nekomoe kissaten&VCB-Studio] Sono Bisque Doll wa Koi wo Suru [Ma10p_1080p]\[Nekomoe kissaten&VCB-Studio] Sono Bisque Doll wa Koi wo Suru [01][Ma10p_1080p][x265_flac].mkv,204
1690626094,,,D:\Downloaded Videos\[Nekomoe kissaten&VCB-Studio] Sono Bisque Doll wa Koi wo Suru [Ma10p_1080p]\[Nekomoe kissaten&VCB-Studio] Sono Bisque Doll wa Koi wo Suru [01][Ma10p_1080p][x265_flac].mkv,204
1690626285,,,D:\Downloaded Videos\[Nekomoe kissaten&VCB-Studio] Sono Bisque Doll wa Koi wo Suru [Ma10p_1080p]\[Nekomoe kissaten&VCB-Studio] Sono Bisque Doll wa Koi wo Suru [01][Ma10p_1080p][x265_flac].mkv,204
1690626301,,,D:\Downloaded Videos\[Nekomoe kissaten&VCB-Studio] Sono Bisque Doll wa Koi wo Suru [Ma10p_1080p]\[Nekomoe kissaten&VCB-Studio] Sono Bisque Doll wa Koi wo Suru [01][Ma10p_1080p][x265_flac].mkv,204
1690626329,,,D:\Downloaded Videos\[Nekomoe kissaten&VCB-Studio] Sono Bisque Doll wa Koi wo Suru [Ma10p_1080p]\[Nekomoe kissaten&VCB-Studio] Sono Bisque Doll wa Koi wo Suru [01][Ma10p_1080p][x265_flac].mkv,204
1690626488,,,D:\Downloaded Videos\[Nekomoe kissaten&VCB-Studio] Sono Bisque Doll wa Koi wo Suru [Ma10p_1080p]\[Nekomoe kissaten&VCB-Studio] Sono Bisque Doll wa Koi wo Suru [01][Ma10p_1080p][x265_flac].mkv,204
1690626513,,,D:\Downloaded Videos\[Nekomoe kissaten&VCB-Studio] Sono Bisque Doll wa Koi wo Suru [Ma10p_1080p]\[Nekomoe kissaten&VCB-Studio] Sono Bisque Doll wa Koi wo Suru [01][Ma10p_1080p][x265_flac].mkv,204
1690626539,,,D:\Downloaded Videos\[Nekomoe kissaten&VCB-Studio] Sono Bisque Doll wa Koi wo Suru [Ma10p_1080p]\[Nekomoe kissaten&VCB-Studio] Sono Bisque Doll wa Koi wo Suru [01][Ma10p_1080p][x265_flac].mkv,204
1690626573,,,D:\Downloaded Videos\[Nekomoe kissaten&VCB-Studio] Sono Bisque Doll wa Koi wo Suru [Ma10p_1080p]\[Nekomoe kissaten&VCB-Studio] Sono Bisque Doll wa Koi wo Suru [01][Ma10p_1080p][x265_flac].mkv,204
1690626590,,,D:\Downloaded Videos\[Nekomoe kissaten&VCB-Studio] Sono Bisque Doll wa Koi wo Suru [Ma10p_1080p]\[Nekomoe kissaten&VCB-Studio] Sono Bisque Doll wa Koi wo Suru [01][Ma10p_1080p][x265_flac].mkv,204
1690626640,,,D:\Downloaded Videos\[Nekomoe kissaten&VCB-Studio] Sono Bisque Doll wa Koi wo Suru [Ma10p_1080p]\[Nekomoe kissaten&VCB-Studio] Sono Bisque Doll wa Koi wo Suru [01][Ma10p_1080p][x265_flac].mkv,204
1690626650,,,D:\Downloaded Videos\[Nekomoe kissaten&VCB-Studio] Sono Bisque Doll wa Koi wo Suru [Ma10p_1080p]\[Nekomoe kissaten&VCB-Studio] Sono Bisque Doll wa Koi wo Suru [01][Ma10p_1080p][x265_flac].mkv,204
1690626663,,,D:\Downloaded Videos\[Nekomoe kissaten&VCB-Studio] Sono Bisque Doll wa Koi wo Suru [Ma10p_1080p]\[Nekomoe kissaten&VCB-Studio] Sono Bisque Doll wa Koi wo Suru [01][Ma10p_1080p][x265_flac].mkv,204
1690626681,,,D:\Downloaded Videos\[Nekomoe kissaten&VCB-Studio] Sono Bisque Doll wa Koi wo Suru [Ma10p_1080p]\[Nekomoe kissaten&VCB-Studio] Sono Bisque Doll wa Koi wo Suru [01][Ma10p_1080p][x265_flac].mkv,204
1690626700,,,D:\Downloaded Videos\[Nekomoe kissaten&VCB-Studio] Sono Bisque Doll wa Koi wo Suru [Ma10p_1080p]\[Nekomoe kissaten&VCB-Studio] Sono Bisque Doll wa Koi wo Suru [01][Ma10p_1080p][x265_flac].mkv,204
1690626715,,,D:\Downloaded Videos\[Nekomoe kissaten&VCB-Studio] Sono Bisque Doll wa Koi wo Suru [Ma10p_1080p]\[Nekomoe kissaten&VCB-Studio] Sono Bisque Doll wa Koi wo Suru [01][Ma10p_1080p][x265_flac].mkv,204
1690626738,,,D:\Downloaded Videos\[Nekomoe kissaten&VCB-Studio] Sono Bisque Doll wa Koi wo Suru [Ma10p_1080p]\[Nekomoe kissaten&VCB-Studio] Sono Bisque Doll wa Koi wo Suru [01][Ma10p_1080p][x265_flac].mkv,204
1690626767,,,D:\Downloaded Videos\[Nekomoe kissaten&VCB-Studio] Sono Bisque Doll wa Koi wo Suru [Ma10p_1080p]\[Nekomoe kissaten&VCB-Studio] Sono Bisque Doll wa Koi wo Suru [01][Ma10p_1080p][x265_flac].mkv,204
1690626787,,,D:\Downloaded Videos\[Nekomoe kissaten&VCB-Studio] Sono Bisque Doll wa Koi wo Suru [Ma10p_1080p]\[Nekomoe kissaten&VCB-Studio] Sono Bisque Doll wa Koi wo Suru [01][Ma10p_1080p][x265_flac].mkv,204
1690626836,,,D:\Downloaded Videos\[Nekomoe kissaten&VCB-Studio] Sono Bisque Doll wa Koi wo Suru [Ma10p_1080p]\[Nekomoe kissaten&VCB-Studio] Sono Bisque Doll wa Koi wo Suru [01][Ma10p_1080p][x265_flac].mkv,204
1690626870,,,D:\Downloaded Videos\[Nekomoe kissaten&VCB-Studio] Sono Bisque Doll wa Koi wo Suru [Ma10p_1080p]\[Nekomoe kissaten&VCB-Studio] Sono Bisque Doll wa Koi wo Suru [01][Ma10p_1080p][x265_flac].mkv,204
1690626907,,,D:\Downloaded Videos\[Nekomoe kissaten&VCB-Studio] Sono Bisque Doll wa Koi wo Suru [Ma10p_1080p]\[Nekomoe kissaten&VCB-Studio] Sono Bisque Doll wa Koi wo Suru [01][Ma10p_1080p][x265_flac].mkv,204
1690626936,,,D:\Downloaded Videos\[Nekomoe kissaten&VCB-Studio] Sono Bisque Doll wa Koi wo Suru [Ma10p_1080p]\[Nekomoe kissaten&VCB-Studio] Sono Bisque Doll wa Koi wo Suru [01][Ma10p_1080p][x265_flac].mkv,204
1690626968,,,D:\Downloaded Videos\[Nekomoe kissaten&VCB-Studio] Sono Bisque Doll wa Koi wo Suru [Ma10p_1080p]\[Nekomoe kissaten&VCB-Studio] Sono Bisque Doll wa Koi wo Suru [01][Ma10p_1080p][x265_flac].mkv,204
1690626998,,,D:\Downloaded Videos\[Nekomoe kissaten&VCB-Studio] Sono Bisque Doll wa Koi wo Suru [Ma10p_1080p]\[Nekomoe kissaten&VCB-Studio] Sono Bisque Doll wa Koi wo Suru [01][Ma10p_1080p][x265_flac].mkv,204
1690627058,,,D:\Downloaded Videos\[Nekomoe kissaten&VCB-Studio] Sono Bisque Doll wa Koi wo Suru [Ma10p_1080p]\[Nekomoe kissaten&VCB-Studio] Sono Bisque Doll wa Koi wo Suru [01][Ma10p_1080p][x265_flac].mkv,204
1690627098,,,D:\Downloaded Videos\[Nekomoe kissaten&VCB-Studio] Sono Bisque Doll wa Koi wo Suru [Ma10p_1080p]\[Nekomoe kissaten&VCB-Studio] Sono Bisque Doll wa Koi wo Suru [01][Ma10p_1080p][x265_flac].mkv,204
1690732299,,,D:\Downloaded Videos\[Nekomoe kissaten&VCB-Studio] Sono Bisque Doll wa Koi wo Suru [Ma10p_1080p]\[Nekomoe kissaten&VCB-Studio] Sono Bisque Doll wa Koi wo Suru [01][Ma10p_1080p][x265_flac].mkv,204
1690733204,,,D:\Downloaded Videos\[Nekomoe kissaten&VCB-Studio] Sono Bisque Doll wa Koi wo Suru [Ma10p_1080p]\[Nekomoe kissaten&VCB-Studio] Sono Bisque Doll wa Koi wo Suru [01][Ma10p_1080p][x265_flac].mkv,204
1690733325,,,\\192.168.1.9\jellyfin\视频\动漫电影\你的名字。 (2016)\你的名字。 (2016) 1080p FLAC.mkv,116
1690879011,,,C:\Users\21633\Desktop\output.mp4,46
1690879134,,,C:\Users\21633\Videos\ROOP\output\xl.mp4,53
1690879140,,,C:\Users\21633\Videos\ROOP\output\xzt01.mp4,56
1690879145,,,C:\Users\21633\Videos\ROOP\output\xl.mp4,53
1690880144,,,C:\Users\21633\Videos\ROOP\output\ljx01.mp4,56
1690880151,,,C:\Users\21633\Videos\ROOP\output\ljx02.mp4,56
1690880157,,,C:\Users\21633\Videos\ROOP\output\xl.mp4,53
1690880164,,,C:\Users\21633\Videos\ROOP\output\xzt01.mp4,56
1690880170,,,C:\Users\21633\Videos\ROOP\output\xzt02.mp4,56
1690903460,,,C:\Users\21633\Videos\ROOP\output\xl.mp4,53
1691061998,,,C:\Users\21633\Desktop\高颜值学霸女神!软磨硬泡终于狠狠插入.mp4,92
1691062116,,,C:\Users\21633\Desktop\高颜值学霸女神!软磨硬泡终于狠狠插入.mp4,92
1691062142,,,C:\Users\21633\Desktop\高颜值学霸女神!软磨硬泡终于狠狠插入.mp4,92
1691062176,,,C:\Users\21633\Desktop\高颜值学霸女神!软磨硬泡终于狠狠插入.mp4,92
1691062197,,,C:\Users\21633\Desktop\高颜值学霸女神!软磨硬泡终于狠狠插入.mp4,92
1691062216,,,C:\Users\21633\Desktop\高颜值学霸女神!软磨硬泡终于狠狠插入.mp4,92
1691062380,,,C:\Users\21633\Desktop\高颜值学霸女神!软磨硬泡终于狠狠插入.mp4,92
1691062408,,,C:\Users\21633\Desktop\高颜值学霸女神!软磨硬泡终于狠狠插入.mp4,92
1691062527,,,C:\Users\21633\Desktop\高颜值学霸女神!软磨硬泡终于狠狠插入.mp4,92
1691063546,33,冀西南林路行 (专辑全长),C:\Users\21633\Desktop\万能青年旅店 - 冀西南林路行 (2020) FLAC\CD1\01 - 冀西南林路行 (专辑全长).flac,170
1691063599,6,山雀,C:\Users\21633\Desktop\万能青年旅店 - 冀西南林路行 (2020) FLAC\CD2\05 - 山雀.flac,115
1691063754,,,D:\Downloaded Videos\[Nekomoe kissaten&VCB-Studio] Sono Bisque Doll wa Koi wo Suru [Ma10p_1080p]\[Nekomoe kissaten&VCB-Studio] Sono Bisque Doll wa Koi wo Suru [01][Ma10p_1080p][x265_flac].mkv,204
1691063796,6,绕越,C:\Users\21633\Desktop\万能青年旅店 - 冀西南林路行 (2020) FLAC\CD2\06 - 绕越.flac,115
1691063810,6,山雀,C:\Users\21633\Desktop\万能青年旅店 - 冀西南林路行 (2020) FLAC\CD2\05 - 山雀.flac,115
1691063917,,,D:\Downloaded Videos\[Nekomoe kissaten&VCB-Studio] Sono Bisque Doll wa Koi wo Suru [Ma10p_1080p]\[Nekomoe kissaten&VCB-Studio] Sono Bisque Doll wa Koi wo Suru [01][Ma10p_1080p][x265_flac].mkv,204
1691063928,,,D:\Downloaded Videos\[Nekomoe kissaten&VCB-Studio] Sono Bisque Doll wa Koi wo Suru [Ma10p_1080p]\[Nekomoe kissaten&VCB-Studio] Sono Bisque Doll wa Koi wo Suru [01][Ma10p_1080p][x265_flac].mkv,204
1691063971,,,D:\Downloaded Videos\[Nekomoe kissaten&VCB-Studio] Sono Bisque Doll wa Koi wo Suru [Ma10p_1080p]\[Nekomoe kissaten&VCB-Studio] Sono Bisque Doll wa Koi wo Suru [01][Ma10p_1080p][x265_flac].mkv,204
1691063989,,,D:\Downloaded Videos\[Nekomoe kissaten&VCB-Studio] Sono Bisque Doll wa Koi wo Suru [Ma10p_1080p]\[Nekomoe kissaten&VCB-Studio] Sono Bisque Doll wa Koi wo Suru [01][Ma10p_1080p][x265_flac].mkv,204
1691064007,,,D:\Downloaded Videos\[Nekomoe kissaten&VCB-Studio] Sono Bisque Doll wa Koi wo Suru [Ma10p_1080p]\[Nekomoe kissaten&VCB-Studio] Sono Bisque Doll wa Koi wo Suru [01][Ma10p_1080p][x265_flac].mkv,204
1691064007,6,绕越,C:\Users\21633\Desktop\万能青年旅店 - 冀西南林路行 (2020) FLAC\CD2\06 - 绕越.flac,115
1691064044,9,郊眠寺,C:\Users\21633\Desktop\万能青年旅店 - 冀西南林路行 (2020) FLAC\CD2\08 - 郊眠寺.flac,121
1691064087,,,D:\Downloaded Videos\[Nekomoe kissaten&VCB-Studio] Sono Bisque Doll wa Koi wo Suru [Ma10p_1080p]\[Nekomoe kissaten&VCB-Studio] Sono Bisque Doll wa Koi wo Suru [01][Ma10p_1080p][x265_flac].mkv,204
1691064298,,,D:\Downloaded Videos\[Nekomoe kissaten&VCB-Studio] Sono Bisque Doll wa Koi wo Suru [Ma10p_1080p]\[Nekomoe kissaten&VCB-Studio] Sono Bisque Doll wa Koi wo Suru [01][Ma10p_1080p][x265_flac].mkv,204
1691064354,,,D:\Downloaded Videos\[Nekomoe kissaten&VCB-Studio] Sono Bisque Doll wa Koi wo Suru [Ma10p_1080p]\[Nekomoe kissaten&VCB-Studio] Sono Bisque Doll wa Koi wo Suru [01][Ma10p_1080p][x265_flac].mkv,204
1691064396,,,D:\Downloaded Videos\[Nekomoe kissaten&VCB-Studio] Sono Bisque Doll wa Koi wo Suru [Ma10p_1080p]\[Nekomoe kissaten&VCB-Studio] Sono Bisque Doll wa Koi wo Suru [01][Ma10p_1080p][x265_flac].mkv,204
1691064421,,,D:\Downloaded Videos\[Nekomoe kissaten&VCB-Studio] Sono Bisque Doll wa Koi wo Suru [Ma10p_1080p]\[Nekomoe kissaten&VCB-Studio] Sono Bisque Doll wa Koi wo Suru [01][Ma10p_1080p][x265_flac].mkv,204
1691064435,,,D:\Downloaded Videos\[Nekomoe kissaten&VCB-Studio] Sono Bisque Doll wa Koi wo Suru [Ma10p_1080p]\[Nekomoe kissaten&VCB-Studio] Sono Bisque Doll wa Koi wo Suru [01][Ma10p_1080p][x265_flac].mkv,204
1691064471,,,D:\Downloaded Videos\[Nekomoe kissaten&VCB-Studio] Sono Bisque Doll wa Koi wo Suru [Ma10p_1080p]\[Nekomoe kissaten&VCB-Studio] Sono Bisque Doll wa Koi wo Suru [01][Ma10p_1080p][x265_flac].mkv,204
1691064512,,,D:\Downloaded Videos\[Nekomoe kissaten&VCB-Studio] Sono Bisque Doll wa Koi wo Suru [Ma10p_1080p]\[Nekomoe kissaten&VCB-Studio] Sono Bisque Doll wa Koi wo Suru [01][Ma10p_1080p][x265_flac].mkv,204
1691064533,,,D:\Downloaded Videos\[Nekomoe kissaten&VCB-Studio] Sono Bisque Doll wa Koi wo Suru [Ma10p_1080p]\[Nekomoe kissaten&VCB-Studio] Sono Bisque Doll wa Koi wo Suru [01][Ma10p_1080p][x265_flac].mkv,204
1691064546,,,D:\Downloaded Videos\[Nekomoe kissaten&VCB-Studio] Sono Bisque Doll wa Koi wo Suru [Ma10p_1080p]\[Nekomoe kissaten&VCB-Studio] Sono Bisque Doll wa Koi wo Suru [01][Ma10p_1080p][x265_flac].mkv,204
1691064567,,,D:\Downloaded Videos\[Nekomoe kissaten&VCB-Studio] Sono Bisque Doll wa Koi wo Suru [Ma10p_1080p]\[Nekomoe kissaten&VCB-Studio] Sono Bisque Doll wa Koi wo Suru [01][Ma10p_1080p][x265_flac].mkv,204
1691064614,,,D:\Downloaded Videos\[Nekomoe kissaten&VCB-Studio] Sono Bisque Doll wa Koi wo Suru [Ma10p_1080p]\[Nekomoe kissaten&VCB-Studio] Sono Bisque Doll wa Koi wo Suru [01][Ma10p_1080p][x265_flac].mkv,204
1691064710,,,D:\Downloaded Videos\[Nekomoe kissaten&VCB-Studio] Sono Bisque Doll wa Koi wo Suru [Ma10p_1080p]\[Nekomoe kissaten&VCB-Studio] Sono Bisque Doll wa Koi wo Suru [01][Ma10p_1080p][x265_flac].mkv,204
1691064724,,,D:\Downloaded Videos\[Nekomoe kissaten&VCB-Studio] Sono Bisque Doll wa Koi wo Suru [Ma10p_1080p]\[Nekomoe kissaten&VCB-Studio] Sono Bisque Doll wa Koi wo Suru [01][Ma10p_1080p][x265_flac].mkv,204
1691064880,,,D:\Downloaded Videos\[Nekomoe kissaten&VCB-Studio] Sono Bisque Doll wa Koi wo Suru [Ma10p_1080p]\[Nekomoe kissaten&VCB-Studio] Sono Bisque Doll wa Koi wo Suru [01][Ma10p_1080p][x265_flac].mkv,204
1691064914,,,D:\Downloaded Videos\[Nekomoe kissaten&VCB-Studio] Sono Bisque Doll wa Koi wo Suru [Ma10p_1080p]\[Nekomoe kissaten&VCB-Studio] Sono Bisque Doll wa Koi wo Suru [01][Ma10p_1080p][x265_flac].mkv,204
1691064933,,,D:\Downloaded Videos\[Nekomoe kissaten&VCB-Studio] Sono Bisque Doll wa Koi wo Suru [Ma10p_1080p]\[Nekomoe kissaten&VCB-Studio] Sono Bisque Doll wa Koi wo Suru [01][Ma10p_1080p][x265_flac].mkv,204
1691064940,,,D:\Downloaded Videos\[Nekomoe kissaten&VCB-Studio] Sono Bisque Doll wa Koi wo Suru [Ma10p_1080p]\[Nekomoe kissaten&VCB-Studio] Sono Bisque Doll wa Koi wo Suru [02][Ma10p_1080p][x265_flac].mkv,204
1691064941,,,D:\Downloaded Videos\[Nekomoe kissaten&VCB-Studio] Sono Bisque Doll wa Koi wo Suru [Ma10p_1080p]\[Nekomoe kissaten&VCB-Studio] Sono Bisque Doll wa Koi wo Suru [01][Ma10p_1080p][x265_flac].mkv,204
1691064957,,,D:\Downloaded Videos\[Nekomoe kissaten&VCB-Studio] Sono Bisque Doll wa Koi wo Suru [Ma10p_1080p]\[Nekomoe kissaten&VCB-Studio] Sono Bisque Doll wa Koi wo Suru [01][Ma10p_1080p][x265_flac].mkv,204
1691064996,,,D:\Downloaded Videos\[Nekomoe kissaten&VCB-Studio] Sono Bisque Doll wa Koi wo Suru [Ma10p_1080p]\[Nekomoe kissaten&VCB-Studio] Sono Bisque Doll wa Koi wo Suru [01][Ma10p_1080p][x265_flac].mkv,204
1691065010,,,D:\Downloaded Videos\[Nekomoe kissaten&VCB-Studio] Sono Bisque Doll wa Koi wo Suru [Ma10p_1080p]\[Nekomoe kissaten&VCB-Studio] Sono Bisque Doll wa Koi wo Suru [01][Ma10p_1080p][x265_flac].mkv,204
1691065024,,,D:\Downloaded Videos\[Nekomoe kissaten&VCB-Studio] Sono Bisque Doll wa Koi wo Suru [Ma10p_1080p]\[Nekomoe kissaten&VCB-Studio] Sono Bisque Doll wa Koi wo Suru [01][Ma10p_1080p][x265_flac].mkv,204
1691065113,,,D:\Downloaded Videos\[Nekomoe kissaten&VCB-Studio] Sono Bisque Doll wa Koi wo Suru [Ma10p_1080p]\[Nekomoe kissaten&VCB-Studio] Sono Bisque Doll wa Koi wo Suru [01][Ma10p_1080p][x265_flac].mkv,204
1691065179,,,D:\Downloaded Videos\[Nekomoe kissaten&VCB-Studio] Sono Bisque Doll wa Koi wo Suru [Ma10p_1080p]\[Nekomoe kissaten&VCB-Studio] Sono Bisque Doll wa Koi wo Suru [01][Ma10p_1080p][x265_flac].mkv,204
1691065270,,,D:\Downloaded Videos\[Nekomoe kissaten&VCB-Studio] Sono Bisque Doll wa Koi wo Suru [Ma10p_1080p]\[Nekomoe kissaten&VCB-Studio] Sono Bisque Doll wa Koi wo Suru [01][Ma10p_1080p][x265_flac].mkv,204
1691065309,,,D:\Downloaded Videos\[Nekomoe kissaten&VCB-Studio] Sono Bisque Doll wa Koi wo Suru [Ma10p_1080p]\[Nekomoe kissaten&VCB-Studio] Sono Bisque Doll wa Koi wo Suru [01][Ma10p_1080p][x265_flac].mkv,204
1691065336,,,D:\Downloaded Videos\[Nekomoe kissaten&VCB-Studio] Sono Bisque Doll wa Koi wo Suru [Ma10p_1080p]\[Nekomoe kissaten&VCB-Studio] Sono Bisque Doll wa Koi wo Suru [01][Ma10p_1080p][x265_flac].mkv,204
1691065490,,,D:\Downloaded Videos\[Nekomoe kissaten&VCB-Studio] Sono Bisque Doll wa Koi wo Suru [Ma10p_1080p]\[Nekomoe kissaten&VCB-Studio] Sono Bisque Doll wa Koi wo Suru [01][Ma10p_1080p][x265_flac].mkv,204
1691065509,,,D:\Downloaded Videos\[Nekomoe kissaten&VCB-Studio] Sono Bisque Doll wa Koi wo Suru [Ma10p_1080p]\[Nekomoe kissaten&VCB-Studio] Sono Bisque Doll wa Koi wo Suru [01][Ma10p_1080p][x265_flac].mkv,204
1691065616,,,D:\Downloaded Videos\[Nekomoe kissaten&VCB-Studio] Sono Bisque Doll wa Koi wo Suru [Ma10p_1080p]\[Nekomoe kissaten&VCB-Studio] Sono Bisque Doll wa Koi wo Suru [01][Ma10p_1080p][x265_flac].mkv,204
1691065645,,,D:\Downloaded Videos\[Nekomoe kissaten&VCB-Studio] Sono Bisque Doll wa Koi wo Suru [Ma10p_1080p]\[Nekomoe kissaten&VCB-Studio] Sono Bisque Doll wa Koi wo Suru [01][Ma10p_1080p][x265_flac].mkv,204
1691065671,,,D:\Downloaded Videos\[Nekomoe kissaten&VCB-Studio] Sono Bisque Doll wa Koi wo Suru [Ma10p_1080p]\[Nekomoe kissaten&VCB-Studio] Sono Bisque Doll wa Koi wo Suru [01][Ma10p_1080p][x265_flac].mkv,204
1691065828,,,D:\Downloaded Videos\[Nekomoe kissaten&VCB-Studio] Sono Bisque Doll wa Koi wo Suru [Ma10p_1080p]\[Nekomoe kissaten&VCB-Studio] Sono Bisque Doll wa Koi wo Suru [01][Ma10p_1080p][x265_flac].mkv,204
1691065857,,,D:\Downloaded Videos\[Nekomoe kissaten&VCB-Studio] Sono Bisque Doll wa Koi wo Suru [Ma10p_1080p]\[Nekomoe kissaten&VCB-Studio] Sono Bisque Doll wa Koi wo Suru [01][Ma10p_1080p][x265_flac].mkv,204
1691065888,,,D:\Downloaded Videos\[Nekomoe kissaten&VCB-Studio] Sono Bisque Doll wa Koi wo Suru [Ma10p_1080p]\[Nekomoe kissaten&VCB-Studio] Sono Bisque Doll wa Koi wo Suru [01][Ma10p_1080p][x265_flac].mkv,204
1691065920,,,D:\Downloaded Videos\[Nekomoe kissaten&VCB-Studio] Sono Bisque Doll wa Koi wo Suru [Ma10p_1080p]\[Nekomoe kissaten&VCB-Studio] Sono Bisque Doll wa Koi wo Suru [01][Ma10p_1080p][x265_flac].mkv,204
1691072814,33,冀西南林路行 (专辑全长),C:\Users\21633\Desktop\万能青年旅店 - 冀西南林路行 (2020) FLAC\CD1\01 - 冀西南林路行 (专辑全长).flac,170
1691140637,,,D:\Downloaded Videos\[Nekomoe kissaten&VCB-Studio] Sono Bisque Doll wa Koi wo Suru [Ma10p_1080p]\[Nekomoe kissaten&VCB-Studio] Sono Bisque Doll wa Koi wo Suru [01][Ma10p_1080p][x265_flac].mkv,204
1691140681,,,D:\Downloaded Videos\[Nekomoe kissaten&VCB-Studio] Sono Bisque Doll wa Koi wo Suru [Ma10p_1080p]\[Nekomoe kissaten&VCB-Studio] Sono Bisque Doll wa Koi wo Suru [02][Ma10p_1080p][x265_flac].mkv,204
1691140719,,,D:\Downloaded Videos\[Nekomoe kissaten&VCB-Studio] Sono Bisque Doll wa Koi wo Suru [Ma10p_1080p]\[Nekomoe kissaten&VCB-Studio] Sono Bisque Doll wa Koi wo Suru [01][Ma10p_1080p][x265_flac].mkv,204
1691140805,,,D:\Downloaded Videos\[Nekomoe kissaten&VCB-Studio] Sono Bisque Doll wa Koi wo Suru [Ma10p_1080p]\[Nekomoe kissaten&VCB-Studio] Sono Bisque Doll wa Koi wo Suru [01][Ma10p_1080p][x265_flac].mkv,204
1691141126,,,\\192.168.1.9\jellyfin\视频\动漫电影\你的名字。 (2016)\你的名字。 (2016) 1080p FLAC.mkv,116
1691141161,,,D:\Downloaded Videos\[Nekomoe kissaten&VCB-Studio] Sono Bisque Doll wa Koi wo Suru [Ma10p_1080p]\[Nekomoe kissaten&VCB-Studio] Sono Bisque Doll wa Koi wo Suru [01][Ma10p_1080p][x265_flac].mkv,204
1691214205,,,C:\Users\21633\Desktop\乐橙TA3R-20230805-132443-1691213083637-7.mp4,82
1691311585,,,C:\Users\21633\Videos\ROOP\output\ljx01.mp4,56
1691311592,,,C:\Users\21633\Videos\ROOP\output\ljx02.mp4,56
1691311599,,,C:\Users\21633\Videos\ROOP\output\xl.mp4,53
1691311605,,,C:\Users\21633\Videos\ROOP\output\xzt01.mp4,56
1691311612,,,C:\Users\21633\Videos\ROOP\output\xzt02.mp4,56
1691311620,,,C:\Users\21633\Videos\ROOP\output\ljx01.mp4,56
1691311660,,,F:\hhd800.com@ABF-004.mp4.bt.xltd,46
1691317526,,,F:\hhd800.com@ABF-004.mp4,38
1691317567,,,F:\hhd800.com@ABW-333.mp4,38
1691423355,,,C:\Users\21633\Videos\ROOP\output\ljx01.mp4,56
1691423383,,,C:\Users\21633\Videos\ROOP\output\xl.mp4,53
1691423408,,,C:\Users\21633\Desktop\大学生被自己班主任车内口爆.mp4,79
1691423589,,,C:\Users\21633\Desktop\一边抽烟一边猛操18岁极品学妹.mp4,81
1691423599,,,C:\Users\21633\Desktop\一边抽烟一边猛操18岁极品学妹.mp4,81
1691423605,,,C:\Users\21633\Desktop\大学生被自己班主任车内口爆.mp4,79
1691423609,,,C:\Users\21633\Desktop\一边抽烟一边猛操18岁极品学妹.mp4,81
1691423920,,,C:\Users\21633\Desktop\大学生被自己班主任车内口爆.mp4,79
1691593116,,,C:\Users\21633\Desktop\863220.mp4,46
1691756057,,,D:\Downloaded Videos\[Nekomoe kissaten&VCB-Studio] Sono Bisque Doll wa Koi wo Suru [Ma10p_1080p]\[Nekomoe kissaten&VCB-Studio] Sono Bisque Doll wa Koi wo Suru [01][Ma10p_1080p][x265_flac].mkv,204
1691760023,,,C:\Users\21633\Desktop\@yuahentai_2 Cute Pink Dress\Cute Pink Dress.mp4,84
1691760067,,,C:\Users\21633\Desktop\HongKongDoll NANA JDKR026 Yuahentai_2[U3C3]\nana_taipei_20230324_U3C3 .mp4,110
1691760083,,,C:\Users\21633\Desktop\HongKongDoll NANA JDKR026 Yuahentai_2[U3C3]\Yuahentai_20230324_U3C3 .mp4,108
1691761283,,,C:\Users\21633\Desktop\HongKongDoll NANA JDKR026 Yuahentai_2[U3C3]\DAD-003-EP19_U3C3 .TS,101
1691761297,,,C:\Users\21633\Desktop\HongKongDoll NANA JDKR026 Yuahentai_2[U3C3]\fdajeoaf0j_U3C3 .TS,99
1691761305,,,C:\Users\21633\Desktop\HongKongDoll NANA JDKR026 Yuahentai_2[U3C3]\HongKongDoll_20230324_U3C3 .TS,110
1691761325,,,C:\Users\21633\Desktop\HongKongDoll NANA JDKR026 Yuahentai_2[U3C3]\JDKR026_U3C3 .TS,96
1691761335,,,C:\Users\21633\Desktop\HongKongDoll NANA JDKR026 Yuahentai_2[U3C3]\nana_taipei_20230324_U3C3 .mp4,110
1691761365,,,C:\Users\21633\Desktop\HongKongDoll NANA JDKR026 Yuahentai_2[U3C3]\XBGJQ13_U3C3 .TS,96
1691761389,,,C:\Users\21633\Desktop\Onlyfans - Yuahentai_2 นวดนาบ.mp4,81
1691761447,,,C:\Users\21633\Desktop\@yuahentai_2 Cute Pink Dress\Cute Pink Dress.mp4,84
1691762018,,,C:\Users\21633\Desktop\HongKongDoll NANA JDKR026 Yuahentai_2[U3C3]\DAD-003-EP19_U3C3 .TS,101
1691762092,,,C:\Users\21633\Desktop\风骚气质大长腿性感眼镜家教老师故意挑逗饥渴学生受不了强行把老师拉到床上风骚气质大长腿性感眼镜家教老师故意挑逗饥渴学生受不了强行把老师拉到床上\风骚气质大长腿性感眼镜家教老师故意挑逗饥渴学生受不了强行把老师拉到床上风骚气质大长腿性感眼镜家教老师故意挑逗饥渴学生受不了强行把老师拉到床上.mp4,461
1691762124,,,F:\王拉拉升职记\星空无限XKXB-8014 王拉拉升职记1-工作失责 办公室当场推倒粗暴惩罚怼操.mp4,133
1691762388,,,F:\王拉拉升职记\星空无限XKXB-8016 王拉拉升职记3-职场蜕变 主动献身 台球桌上演激情性战.mp4,134
1691938256,,,C:\Users\21633\Videos\ROOP\output\ljx01.mp4,56
1692017600,6,CCTV-1,http://dbiptv.sn.chinamobile.com/PLTV/88888888/224/3221226231/1.m3u8,88
1692025803,,,F:\sgcp-029\sgcp-029.mp4,37
1692025902,,,F:\amcp-142 おいでませ♪サキュバスシェアハウス The Motion Anime\amcp-142.mp4,106
1692025927,,,F:\anp-169\anp-169.mp4,35
1692025951,,,F:\sgcp-022\sgcp-022.mp4,37
1692025973,,,F:\amcp-123\amcp-123.mp4,37
1692026010,,,F:\[야애니] amcp-124 僕の好きな先生はもういない The Motion Anime\amcp-124.mp4,106
1692026029,,,F:\[98t.tv]sgcp-021\sgcp-021.mp4,45
1692026055,,,F:\anp-157\anp-157.mp4,35
1692026067,,,F:\amcp-146\amcp-146.mp4,37
1692026096,,,F:\anp-172\anp-172.mp4,35
1692026129,,,F:\anp-174\anp-174.mp4,35
1692026162,,,F:\anp-177\anp-177.mp4,35
1692026604,,,F:\sgcp-011\sgcp-011.mp4,37
1692026670,,,F:\[魔穗字幕组]2022年10月合集\HEVC 10bit\[Maho.sub][nur]ハヂ＋ ～剥かれる破廉チ～[HEVC 10bit 720P AAC].mkv,140
1692026740,,,F:\[魔穗字幕组]2022年10月合集\HEVC 10bit\[Maho.sub][ZIZ]妻ネトリ3 ～快楽に堕ちた淫汁教師たち～[HEVC 10bit 720P AAC].mkv,159
1692026932,,,F:\amcp-108\amcp-108.mp4,37
1692027063,,,F:\ssis-834-4k\ssis-834-4k.mp4,43
1692027113,,,F:\sgcp-017\sgcp-017.mp4,37
1692027211,,,F:\[98t.tv]sgcp-021\sgcp-021.mp4,45
1692027563,,,F:\amcp-146\amcp-146.mp4,37
1692028111,,,F:\amcp-108\amcp-108.mp4,37
1692028488,,,F:\amcp-146\amcp-146.mp4,37
1692093613,,,F:\[야애니] amcp-124 僕の好きな先生はもういない The Motion Anime\amcp-124.mp4,106
1692093760,,,F:\amcp-123\amcp-123.mp4,37
1692093798,,,F:\amcp-142 おいでませ♪サキュバスシェアハウス The Motion Anime\amcp-142.mp4,106
1692093821,,,F:\amcp-146\amcp-146.mp4,37
1692093835,,,F:\anp-157\anp-157.mp4,35
1692093923,,,F:\anp-157\anp-157.mp4,35
1692093996,,,F:\anp-169\anp-169.mp4,35
1692094084,,,F:\anp-169\anp-169.mp4,35
1692094265,,,F:\sgcp-011\sgcp-011.mp4,37
1692094367,,,F:\sgcp-017\sgcp-017.mp4,37
1692094396,,,F:\sgcp-022\sgcp-022.mp4,37
1692094410,,,F:\sgcp-029\sgcp-029.mp4,37
1692094417,,,F:\sgcp-029\sgcp-029.mp4,37
1692094426,,,F:\sivr-272\sivr-272-1.mp4,39
1692095005,,,F:\[98t.tv]sgcp-021\sgcp-021.mp4,45
1692095057,,,F:\[야애니] amcp-124 僕の好きな先生はもういない The Motion Anime\amcp-124.mp4,106
1692095094,,,F:\[야애니] amcp-124 僕の好きな先生はもういない The Motion Anime\amcp-124.mp4,106
1692425660,,,F:\Galgames\test\S4134\03：字幕视频\track00_标题与关于小穴按摩.mp4,93
1692425683,,,F:\Galgames\test\S4134\03：字幕视频\track01_小女子不才，请多多关照.mp4,99
1692425702,,,F:\Galgames\test\米粒儿\紺そめ\Bounce_01_Naked_1000.mp4,74
1692425714,,,F:\Galgames\test\米粒儿\紺そめ\Bounce_01_Swim_1000.mp4,73
1692425718,,,F:\Galgames\test\米粒儿\紺そめ\Bounce_01_uniform_1000.mp4,76
1692425723,,,F:\Galgames\test\米粒儿\紺そめ\BTR01_sex_D.mp4,65
1692425732,,,F:\Galgames\test\米粒儿\紺そめ\CPE01_sexloop_B_NM.mp4,72
1692428015,,,F:\Galgames\test\米粒儿\紺そめ\CSM01_rubloop_NM.mp4,70
1692428022,,,F:\Galgames\test\米粒儿\紺そめ\CSM01_sex_D_NM.mp4,68
1692428037,,,F:\Galgames\test\米粒儿\紺そめ\CSM01_rubloop_NM.mp4,70
1692428040,,,F:\Galgames\test\米粒儿\紺そめ\CSM01_sex_NM.mp4,66
1692428043,,,F:\Galgames\test\米粒儿\紺そめ\CSM02_sex_A_D_NM.mp4,70
1692428046,,,F:\Galgames\test\米粒儿\紺そめ\CSM03_sex_B_D.mp4,67
1692428051,,,F:\Galgames\test\米粒儿\紺そめ\Fio01_sex.mp4,63
1692428060,,,F:\Galgames\test\米粒儿\紺そめ\Fio01_sexloop.mp4,67
1692428079,,,F:\Galgames\test\米粒儿\紺そめ\M_F_acc_20220426.mp4,70
1692428087,,,F:\Galgames\test\米粒儿\紺そめ\Lyc01_sex_A_D.mp4,67
1692428092,,,F:\Galgames\test\米粒儿\紺そめ\Lyc01_sexloop.mp4,67
1692428095,,,F:\Galgames\test\米粒儿\紺そめ\Lyc01_sex_D.mp4,65
1692428106,,,F:\Galgames\test\米粒儿\紺そめ\Melina01_E_NM.mp4,67
1692428108,,,F:\Galgames\test\米粒儿\紺そめ\Nier01_sex_D.mp4,66
1692428117,,,F:\Galgames\test\米粒儿\紺そめ\Nier01_sexloop.mp4,68
1692428120,,,F:\Galgames\test\米粒儿\紺そめ\SexLoop01.mp4,63
1692428124,,,F:\Galgames\test\米粒儿\紺そめ\Yor_01_D_M_720p30p_.mp4,73
1692428129,,,F:\Galgames\test\米粒儿\紺そめ\Yor_Sex01_20220430.mp4,72
1692428131,,,F:\Galgames\test\米粒儿\紺そめ\Yor02_Fella.mp4,65
1692428140,,,F:\Galgames\test\米粒儿\紺そめ\Yor02_Sex_Longhair_NM.mp4,75
1692428145,,,F:\Galgames\test\米粒儿\紺そめ\Yor03_hello_B.mp4,67
1692428154,,,F:\Galgames\test\米粒儿\紺そめ\Yor04_Fel_D_NM.mp4,68
1692428175,,,F:\Galgames\test\米粒儿\紺そめ\Yor04_Fel_Naked_NM.mp4,72
1692428181,,,F:\Galgames\test\米粒儿\紺そめ\Yor04_Sex_Naked_NM.mp4,72
1692428194,,,F:\Galgames\test\米粒儿\紺そめ\Yor04_Sex_NM.mp4,66
1692428205,,,F:\Galgames\test\米粒儿\紺そめ\Yor06_sex_NM.mp4,66
1692428210,,,F:\Galgames\test\米粒儿\紺そめ\Yor06_sexloop_NM.mp4,70
1692428233,,,F:\Galgames\test\S4134\03：字幕视频\track02_把我的处女，献给兄长大人.mp4,102
1692428245,,,F:\Galgames\test\S4134\03：字幕视频\track03_请允许我，来帮您擦背.mp4,96
1692428252,,,F:\Galgames\test\S4134\03：字幕视频\track05_想要成为，兄长大人的新娘.mp4,102
1692428273,,,F:\Galgames\test\S4131\04_附字幕的音声动画\track00_标题朗读与小穴按摩Q&A.mp4,106
1692428281,,,F:\Galgames\test\S4131\04_附字幕的音声动画\track01_我怎么可能会败给童贞鸡巴w.mp4,113
1692428288,,,F:\Galgames\test\S4131\04_附字幕的音声动画\track02_光用手和嘴就够了吧ｗ　哈？还要一起洗澡？.mp4,136
1692428341,,,F:\Galgames\test\R3002\I\【中文字幕】[みゅるめーく] 僕らの都合のいい性処理マネージャー.mp4,132
1692428360,,,F:\Galgames\test\R3002\I\【中文字幕】[みゅるめーく] 僕らの都合のいい性処理マネージャー.mp4,132
1692441857,,,F:\Galgames\VAM-XWGJ\VAM-小舞公交小马拉大车.mp4,69
1692516181,,,F:\fxcy\母親の裸で人生初勃起してしまった息子のムスコがもたらす絶対的..._2K解码\母親の裸で人生初勃起してしまった息子のムスコがもたらす絶対的..._2K解码.mp4,230
1692517197,,,F:\fxcy\O.N.A - Seyun no one lovers her [PREMIUM] 4K\视频\Seyun no one lovers her.mp4,100
1692517725,,,F:\fxcy\火女\火女\Dark Souls III Fire Keeper 火の女 オナニー  .mp4,90
1692517763,,,F:\fxcy\火女\火女\Dark Souls III Fire Keeper 火の女 オナニーNO1.mp4,91
1692517775,,,F:\fxcy\火女\火女\黑魂3火の女 3  .mp4,59
1692517792,,,F:\fxcy\火女\火女\黑魂3火の女 5.mp4,57
1692517802,,,F:\fxcy\火女\火女\黑魂3火の女 6（人体打浆机）.mp4,78
1692517817,,,F:\fxcy\火女\火女\黑魂3火の女 オナニーNO2.mp4,71
1692517844,,,F:\fxcy\ティファ-ビーチセックス\ティファ-ビーチセックス.mp4,94
1692518194,,,F:\fxcy\眼鏡っ娘先生のごほうびダイアリー2K\眼鏡っ娘先生のごほうびダイアリー2K.mp4,126
1692518297,,,F:\fxcy\眼鏡っ娘先生のごほうびダイアリー2K\眼鏡っ娘先生のごほうびダイアリー2K.mp4,126
1692518417,,,F:\fxcy\s课堂\s课堂.mp4,40
1692518542,,,F:\fxcy\母子之情\MDP_satomi01_d.mp4,52
1692518559,,,F:\fxcy\母親の裸で人生初勃起してしまった息子のムスコがもたらす絶対的..._2K解码\母親の裸で人生初勃起してしまった息子のムスコがもたらす絶対的..._2K解码.mp4,230
1692519673,,,D:\Downloaded Videos\[Nekomoe kissaten&VCB-Studio] Sono Bisque Doll wa Koi wo Suru [Ma10p_1080p]\[Nekomoe kissaten&VCB-Studio] Sono Bisque Doll wa Koi wo Suru [01][Ma10p_1080p][x265_flac].mkv,204
1692519700,,,D:\Downloaded Videos\[Nekomoe kissaten&VCB-Studio] Sono Bisque Doll wa Koi wo Suru [Ma10p_1080p]\[Nekomoe kissaten&VCB-Studio] Sono Bisque Doll wa Koi wo Suru [01][Ma10p_1080p][x265_flac].mkv,204
1692521287,,,D:\Downloaded Videos\[SweetSub&VCB-Studio] Lycoris Recoil [Ma10p_1080p]\[SweetSub&VCB-Studio] Lycoris Recoil [02][Ma10p_1080p][x265_2flac].mkv,155
1692522079,,,D:\Downloaded Videos\[SweetSub&VCB-Studio] Lycoris Recoil [Ma10p_1080p]\[SweetSub&VCB-Studio] Lycoris Recoil [01][Ma10p_1080p][x265_2flac].mkv,155
1692626677,,,F:\传媒\91视频原版 母子乱伦 温柔继母慰藉失恋儿子 宁洋子\u9c9.com .TS,104
1692627359,,,F:\传媒\麻豆系列 MDX0008 外送茶快递 附送售后做爱福利 宁洋子小姐姐被干的呻吟不断\[WoXav.Com]麻豆系列 MDX0008 外送茶快递 附送售后做爱福利 宁洋子小姐姐被干的呻吟不断.mp4,241
1692627458,,,F:\传媒\国产AV剧情麻豆传媒女神宁洋子最新力作MDX0009 桃色坏女友卖弄风骚硬上贪玩H-GAME男友.mp4,139
1692627540,,,F:\传媒\空降女优【宁洋子】杏吧至尊与麻豆女神 邂逅梦中麻豆女神体验至尊极致的享受 海岛浪漫篇.mp4,149
1692627625,,,F:\传媒\麻豆传媒映画国产原创剧情片 MD0040-2 宁洋子 MD0040麻豆有你EP2朝著夢想出發SexOk.mp4,130
1692627673,,,F:\传媒\yb586.cc-麻豆传媒最新出品MMZ006兄妹蕉谈2青春期兄妹性探讨以瓜代蕉做爱练习寻小小\yb586.cc-麻豆传媒最新出品MMZ006兄妹蕉谈2青春期兄妹性探讨以瓜代蕉做爱练习寻小小.mp4,246
1692627771,,,F:\传媒\麻豆传媒出品 国産AV巨作兄妹蕉谈 芭蕉香蕉分不清 哥哥手把手教学 近亲之间的荒唐性爱.mp4,144
1692627801,,,F:\传媒\麻豆传媒出品 国産AV巨作兄妹蕉谈 芭蕉香蕉分不清 哥哥手把手教学 近亲之间的荒唐性爱.mp4,144
1692627850,,,F:\传媒\麻豆传媒映画国产原创剧情片 MD0040-2 宁洋子 MD0040麻豆有你EP2朝著夢想出發SexOk.mp4,130
1692627863,,,F:\传媒\麻豆传媒出品 国産AV巨作兄妹蕉谈 芭蕉香蕉分不清 哥哥手把手教学 近亲之间的荒唐性爱.mp4,144
1692627867,,,F:\传媒\【Weagogo】【国产AV巨献】情色女主播宁洋子直播带货被狂热粉丝强上,国语对白带字幕过瘾\【国产AV巨献】情色女主播宁洋子直播带货被狂热粉丝强上,国语对白带字幕过瘾\703.mp4,255
1692627994,,,F:\传媒\空降女优【宁洋子】杏吧至尊与麻豆女神 邂逅梦中麻豆女神体验至尊极致的享受 海岛浪漫篇.mp4,149
1692628013,,,F:\传媒\MD0044 兄妹蕉谈谈-林予曦\[Woxav.Com]MD0044 兄妹蕉谈谈-林予曦.mp4,103
1692628033,,,F:\传媒\麻豆传媒出品 国産AV巨作兄妹蕉谈 芭蕉香蕉分不清 哥哥手把手教学 近亲之间的荒唐性爱.mp4,144
1692628134,,,F:\传媒\MD0044 兄妹蕉谈谈-林予曦\[Woxav.Com]MD0044 兄妹蕉谈谈-林予曦.mp4,103
1692628138,,,F:\传媒\麻豆传媒出品 国産AV巨作兄妹蕉谈 芭蕉香蕉分不清 哥哥手把手教学 近亲之间的荒唐性爱.mp4,144
1692628915,,,F:\传媒\麻豆传媒映画国产原创剧情片 MD0040-2 宁洋子 MD0040麻豆有你EP2朝著夢想出發SexOk.mp4,130
1692628926,,,F:\传媒\国产乐播AV 蜜桃成熟时之兄妹蕉谈 董小宛\国产乐播AV 蜜桃成熟时之兄妹蕉谈 董小宛.mp4,138
1692628962,,,F:\传媒\yb586.cc-麻豆传媒最新出品MMZ006兄妹蕉谈2青春期兄妹性探讨以瓜代蕉做爱练习寻小小\yb586.cc-麻豆传媒最新出品MMZ006兄妹蕉谈2青春期兄妹性探讨以瓜代蕉做爱练习寻小小.mp4,246
1692628989,,,F:\传媒\麻豆传媒X杏吧至尊联合出品原创国产AV-空降女优-制服诱惑篇-甜蜜双飞-宁洋子+沈芯语倾情出演.mp4,152
1692629044,,,F:\传媒\yb586.cc-麻豆传媒最新出品MMZ006兄妹蕉谈2青春期兄妹性探讨以瓜代蕉做爱练习寻小小\yb586.cc-麻豆传媒最新出品MMZ006兄妹蕉谈2青春期兄妹性探讨以瓜代蕉做爱练习寻小小.mp4,246
1692629172,,,F:\传媒\麻豆传媒映画最新流出麻豆女神宁洋子被猥琐男激情啪啪720P高清原版.mp4,118
1692629207,,,F:\传媒\麻豆传媒映画国产原创剧情片 MD0040-2 宁洋子 MD0040麻豆有你EP2朝著夢想出發SexOk.mp4,130
1692629262,,,F:\传媒\HD-720pの大陸AV劇情檔：老友重逢相見恨晚 街邊敘舊微醉後願望成真 與朝思暮想的苗條美女回家滾床單\HD-720pの大陸AV劇情檔：老友重逢相見恨晚 街邊敘舊微醉後願望成真 與朝思暮想的苗條美女回家滾床單.mp4.bt.xltd,304
1692629369,,,F:\传媒\91视频原版 母子乱伦 温柔继母慰藉失恋儿子 宁洋子\u9c9.com .TS,104
1692629607,,,F:\传媒\aavv333.com@麻豆传媒最新出品MMZ006兄妹蕉谈2青春期兄妹性探讨以瓜代蕉做爱练习寻小小\aavv333.com@麻豆传媒最新出品MMZ006兄妹蕉谈2青春期兄妹性探讨以瓜代蕉做爱练习寻小小.mp4,252
1692806320,,,D:\SteamLibrary\steamapps\workshop\content\431960\2794684801\2K.mp4,80
1692806996,,,F:\fxcy\76月蝉仙子讨债计：与老头的交锋.mp4,69
1692806996,,,F:\fxcy\76月蝉仙子讨债计：与老头的交锋.mp4,69
1692807028,,,F:\fxcy\绝爱 殷紫萍\殷紫萍.mp4,51
1692807294,,,F:\fxcy\shamo2b.mp4,32
1692807513,,,F:\fxcy\女友的NTR调教Ⅱ\01\01.mp4,52
1692807586,,,F:\fxcy\[VAM]超美眼镜女神+粉毛女仆的媚黑之旅 完整步兵版\Feng Emotion.mp4,105
1692807617,,,F:\fxcy\[VAM]超美眼镜女神+粉毛女仆的媚黑之旅 完整步兵版\Quynh BBC.mp4,102
1692807646,,,F:\fxcy\女友的NTR调教Ⅱ\02\02.mp4,52
1692807797,,,F:\fxcy\女友的NTR调教\1.mp4,45
1692807847,,,F:\fxcy\女友的NTR调教\2.mp4,45
1692807848,,,F:\fxcy\女友的NTR调教\2.mp4,45
1692807857,,,F:\fxcy\女友的NTR调教\3.mp4,45
1692807870,,,F:\fxcy\女友的NTR调教\2.mp4,45
1692807873,,,F:\fxcy\女友的NTR调教\1.mp4,45
1692807937,,,F:\fxcy\[VAM]超美眼镜女神+粉毛女仆的媚黑之旅 完整步兵版\Feng Emotion.mp4,105
1692808040,,,F:\fxcy\Sexy QueenⅡ\Sexy QueenⅡ.MP4,52
1692808096,,,F:\fxcy\Sexy QueenⅡ\Sexy QueenⅡ.MP4,52
1692808199,,,F:\fxcy\akiryo合集.mp4,37
1692808305,,,F:\fxcy\shamo2b.mp4,32
1692808344,,,F:\fxcy\女友的NTR调教Ⅱ\01\01.mp4,52
1692808351,,,F:\fxcy\女友的NTR调教Ⅱ\02\02.mp4,52
1692808358,,,F:\fxcy\女友的NTR调教Ⅱ\03\03.mp4,52
1692808424,,,F:\fxcy\全动态VAM 安初夏魔改版\安初夏 改.mp4,70
1692808596,,,F:\fxcy\Sexy QueenⅡ\Sexy QueenⅡ.MP4,52
1692808603,,,F:\fxcy\女友的NTR调教Ⅱ\01\01.mp4,52
1692808664,,,F:\fxcy\女友的NTR调教Ⅱ\02\02.mp4,52
1692877339,,,F:\fxcy\性交研究所\性交研究所.mp4,56
1692877647,,,F:\fxcy\[jindo]Feng - Pic Animated Emotion\Feng - Pic Animated Emotion.mp4,87
1692878274,,,F:\fxcy\family\本編.mp4,38
1692878324,,,F:\fxcy\family\chafen\催眠Family 差分と個別シーン\Part1\Scene1-1.mp4,91
1692878342,,,F:\fxcy\family\chafen\催眠Family 差分と個別シーン\Part5\Scene1-1.mp4,91
1692878366,,,F:\fxcy\[jindo]Feng - Pic Animated Emotion\Feng - Pic Animated Emotion.mp4,87
1692878374,,,F:\fxcy\[jindo]Feng BBC 2\Feng BBC 2.mp4,53
1692878406,,,F:\fxcy\[梅麻呂3D]Horny Girl～いたずらな好きな女の子\[AI去码][2k][梅麻呂3D]Horny Girl～いたずらな好きな女の子～.mp4,161
1692878524,,,F:\fxcy\family\chafen\催眠Family 差分と個別シーン\Part5\Scene3-2.mp4,91
1692878719,,,C:\Users\21633\Desktop\艺校在读大一00后女神学妹！多角度精品必射.mp4,99
1693219791,,,F:\DASS-187-C\DASS-187-C.mp4,41
1693220004,20,精品薈萃 18DZ.pw,F:\传媒\HD-720pの大陸AV劇情檔：老友重逢相見恨晚 街邊敘舊微醉後願望成真 與朝思暮想的苗條美女回家滾床單\HD-720pの大陸AV劇情檔：老友重逢相見恨晚 街邊敘舊微醉後願望成真 與朝思暮想的苗條美女回家滾床單.mp4,318
